mode: atomic
github.com/pablogore/devforge/internal/tools/cache.go:8.25,11.2 2 61
github.com/pablogore/devforge/internal/tools/cache.go:13.27,15.2 1 35
github.com/pablogore/devforge/internal/tools/cache.go:17.27,19.2 1 14
github.com/pablogore/devforge/internal/tools/cache.go:21.19,24.30 3 8
github.com/pablogore/devforge/internal/tools/cache.go:24.30,26.17 2 8
github.com/pablogore/devforge/internal/tools/cache.go:26.17,28.4 1 1
github.com/pablogore/devforge/internal/tools/cache.go:28.9,30.4 1 7
github.com/pablogore/devforge/internal/tools/cache.go:34.42,36.49 2 13
github.com/pablogore/devforge/internal/tools/cache.go:36.49,37.40 1 180
github.com/pablogore/devforge/internal/tools/cache.go:37.40,39.4 1 3
github.com/pablogore/devforge/internal/tools/cache.go:41.2,41.14 1 10
github.com/pablogore/devforge/internal/tools/cache.go:45.54,47.2 1 22
github.com/pablogore/devforge/internal/tools/cache.go:50.68,52.2 1 15
github.com/pablogore/devforge/internal/tools/cache.go:55.47,57.2 1 11
github.com/pablogore/devforge/internal/tools/install.go:11.31,14.2 2 2
github.com/pablogore/devforge/internal/tools/install.go:17.63,24.2 5 0
github.com/pablogore/devforge/internal/tools/install.go:27.62,34.2 5 0
github.com/pablogore/devforge/internal/tools/install.go:39.26,40.39 1 7
github.com/pablogore/devforge/internal/tools/install.go:40.39,42.3 1 1
github.com/pablogore/devforge/internal/tools/install.go:43.2,45.45 2 6
github.com/pablogore/devforge/internal/tools/install.go:45.45,47.3 1 2
github.com/pablogore/devforge/internal/tools/install.go:48.2,48.44 1 4
github.com/pablogore/devforge/internal/tools/install.go:48.44,50.3 1 2
github.com/pablogore/devforge/internal/tools/install.go:51.2,51.12 1 2
github.com/pablogore/devforge/internal/tools/install.go:54.33,56.24 2 6
github.com/pablogore/devforge/internal/tools/install.go:56.24,58.3 1 3
github.com/pablogore/devforge/internal/tools/install.go:60.2,62.54 3 3
github.com/pablogore/devforge/internal/tools/install.go:62.54,64.3 1 1
github.com/pablogore/devforge/internal/tools/install.go:65.2,65.62 1 2
github.com/pablogore/devforge/internal/tools/install.go:65.62,67.3 1 1
github.com/pablogore/devforge/internal/tools/install.go:68.2,68.63 1 1
github.com/pablogore/devforge/internal/tools/install.go:71.32,73.24 2 4
github.com/pablogore/devforge/internal/tools/install.go:73.24,75.3 1 1
github.com/pablogore/devforge/internal/tools/install.go:77.2,79.54 3 3
github.com/pablogore/devforge/internal/tools/install.go:79.54,81.3 1 1
github.com/pablogore/devforge/internal/tools/install.go:82.2,82.61 1 2
github.com/pablogore/devforge/internal/tools/install.go:82.61,84.3 1 1
github.com/pablogore/devforge/internal/tools/install.go:85.2,85.61 1 1
github.com/pablogore/devforge/internal/tools/install.go:88.35,91.2 2 18
github.com/pablogore/devforge/internal/tools/install.go:94.47,96.16 2 12
github.com/pablogore/devforge/internal/tools/install.go:96.16,97.25 1 8
github.com/pablogore/devforge/internal/tools/install.go:97.25,99.4 1 7
github.com/pablogore/devforge/internal/tools/install.go:100.3,100.13 1 1
github.com/pablogore/devforge/internal/tools/install.go:102.2,102.37 1 4
github.com/pablogore/devforge/internal/tools/install.go:102.37,104.87 2 3
github.com/pablogore/devforge/internal/tools/install.go:104.87,106.4 1 2
github.com/pablogore/devforge/internal/tools/install.go:107.3,107.22 1 1
github.com/pablogore/devforge/internal/tools/install.go:109.2,109.33 1 2
